

Microchip MPLAB XC8 Assembler V2.31 build 20201012212115 
                                                                                               Fri Feb 12 01:07:48 2021

Microchip MPLAB XC8 C Compiler v2.31 (Free license) build 20201012212115 Og1 
     1                           	processor	16F887
     2                           	pagewidth 120
     3                           	opt	flic
     4                           	psect	cinit,global,class=CODE,merge=1,delta=2
     5                           	psect	bssCOMMON,global,class=COMMON,space=1,delta=1,noexec
     6                           	psect	cstackCOMMON,global,class=COMMON,space=1,delta=1,noexec
     7                           	psect	cstackBANK0,global,class=BANK0,space=1,delta=1,noexec
     8                           	psect	maintext,global,class=CODE,split=1,delta=2
     9                           	psect	text1,local,class=CODE,merge=1,delta=2
    10                           	psect	text2,local,class=CODE,merge=1,delta=2
    11                           	psect	text3,local,class=CODE,merge=1,delta=2
    12                           	psect	text4,local,class=CODE,merge=1,delta=2
    13                           	psect	intentry,global,class=CODE,delta=2
    14                           	psect	text5,local,class=CODE,merge=1,delta=2
    15                           	psect	config,global,abs,ovrld,class=CONFIG,space=4,delta=2,noexec
    16                           	dabs	1,0x7E,2
    17  0000                     
    18                           ; Version 2.31
    19                           ; Generated 13/10/2020 GMT
    20                           ; 
    21                           ; Copyright © 2020, Microchip Technology Inc. and its subsidiaries ("Microchip")
    22                           ; All rights reserved.
    23                           ; 
    24                           ; This software is developed by Microchip Technology Inc. and its subsidiaries ("Microch
      +                          ip").
    25                           ; 
    26                           ; Redistribution and use in source and binary forms, with or without modification, are
    27                           ; permitted provided that the following conditions are met:
    28                           ; 
    29                           ;     1. Redistributions of source code must retain the above copyright notice, this lis
      +                          t of
    30                           ;        conditions and the following disclaimer.
    31                           ; 
    32                           ;     2. Redistributions in binary form must reproduce the above copyright notice, this 
      +                          list
    33                           ;        of conditions and the following disclaimer in the documentation and/or other
    34                           ;        materials provided with the distribution. Publication is not required when
    35                           ;        this file is used in an embedded application.
    36                           ; 
    37                           ;     3. Microchip's name may not be used to endorse or promote products derived from th
      +                          is
    38                           ;        software without specific prior written permission.
    39                           ; 
    40                           ; THIS SOFTWARE IS PROVIDED BY MICROCHIP "AS IS" AND ANY EXPRESS OR IMPLIED WARRANTIES,
    41                           ; INCLUDING, BUT NOT LIMITED TO, THE IMPLIED WARRANTIES OF MERCHANTABILITY AND FITNESS F
      +                          OR
    42                           ; PURPOSE ARE DISCLAIMED.  IN NO EVENT SHALL MICROCHIP BE LIABLE FOR ANY DIRECT, INDIREC
      +                          T,
    43                           ; INCIDENTAL, SPECIAL, EXEMPLARY, OR CONSEQUENTIAL DAMAGES (INCLUDING BUT NOT LIMITED TO
    44                           ; PROCUREMENT OF SUBSTITUTE GOODS OR SERVICES; LOSS OF USE, DATA OR PROFITS; OR BUSINESS
    45                           ; INTERRUPTION) HOWSOEVER CAUSED AND ON ANY THEORY OF LIABILITY, WHETHER IN CONTRACT, ST
      +                          RICT
    46                           ; LIABILITY, OR TORT (INCLUDING NEGLIGENCE OR OTHERWISE) ARISING IN ANY WAY OUT OF THE U
      +                          SE OF
    47                           ; THIS SOFTWARE, EVEN IF ADVISED OF THE POSSIBILITY OF SUCH DAMAGE.
    48                           ; 
    49                           ; 
    50                           ; Code-generator required, PIC16F887 Definitions
    51                           ; 
    52                           ; SFR Addresses
    53  0000                     	;# 
    54  0001                     	;# 
    55  0002                     	;# 
    56  0003                     	;# 
    57  0004                     	;# 
    58  0005                     	;# 
    59  0006                     	;# 
    60  0007                     	;# 
    61  0008                     	;# 
    62  0009                     	;# 
    63  000A                     	;# 
    64  000B                     	;# 
    65  000C                     	;# 
    66  000D                     	;# 
    67  000E                     	;# 
    68  000E                     	;# 
    69  000F                     	;# 
    70  0010                     	;# 
    71  0011                     	;# 
    72  0012                     	;# 
    73  0013                     	;# 
    74  0014                     	;# 
    75  0015                     	;# 
    76  0015                     	;# 
    77  0016                     	;# 
    78  0017                     	;# 
    79  0018                     	;# 
    80  0019                     	;# 
    81  001A                     	;# 
    82  001B                     	;# 
    83  001B                     	;# 
    84  001C                     	;# 
    85  001D                     	;# 
    86  001E                     	;# 
    87  001F                     	;# 
    88  0081                     	;# 
    89  0085                     	;# 
    90  0086                     	;# 
    91  0087                     	;# 
    92  0088                     	;# 
    93  0089                     	;# 
    94  008C                     	;# 
    95  008D                     	;# 
    96  008E                     	;# 
    97  008F                     	;# 
    98  0090                     	;# 
    99  0091                     	;# 
   100  0092                     	;# 
   101  0093                     	;# 
   102  0093                     	;# 
   103  0093                     	;# 
   104  0094                     	;# 
   105  0095                     	;# 
   106  0096                     	;# 
   107  0097                     	;# 
   108  0098                     	;# 
   109  0099                     	;# 
   110  009A                     	;# 
   111  009B                     	;# 
   112  009C                     	;# 
   113  009D                     	;# 
   114  009E                     	;# 
   115  009F                     	;# 
   116  0105                     	;# 
   117  0107                     	;# 
   118  0108                     	;# 
   119  0109                     	;# 
   120  010C                     	;# 
   121  010C                     	;# 
   122  010D                     	;# 
   123  010E                     	;# 
   124  010F                     	;# 
   125  0185                     	;# 
   126  0187                     	;# 
   127  0188                     	;# 
   128  0189                     	;# 
   129  018C                     	;# 
   130  018D                     	;# 
   131  0000                     	;# 
   132  0001                     	;# 
   133  0002                     	;# 
   134  0003                     	;# 
   135  0004                     	;# 
   136  0005                     	;# 
   137  0006                     	;# 
   138  0007                     	;# 
   139  0008                     	;# 
   140  0009                     	;# 
   141  000A                     	;# 
   142  000B                     	;# 
   143  000C                     	;# 
   144  000D                     	;# 
   145  000E                     	;# 
   146  000E                     	;# 
   147  000F                     	;# 
   148  0010                     	;# 
   149  0011                     	;# 
   150  0012                     	;# 
   151  0013                     	;# 
   152  0014                     	;# 
   153  0015                     	;# 
   154  0015                     	;# 
   155  0016                     	;# 
   156  0017                     	;# 
   157  0018                     	;# 
   158  0019                     	;# 
   159  001A                     	;# 
   160  001B                     	;# 
   161  001B                     	;# 
   162  001C                     	;# 
   163  001D                     	;# 
   164  001E                     	;# 
   165  001F                     	;# 
   166  0081                     	;# 
   167  0085                     	;# 
   168  0086                     	;# 
   169  0087                     	;# 
   170  0088                     	;# 
   171  0089                     	;# 
   172  008C                     	;# 
   173  008D                     	;# 
   174  008E                     	;# 
   175  008F                     	;# 
   176  0090                     	;# 
   177  0091                     	;# 
   178  0092                     	;# 
   179  0093                     	;# 
   180  0093                     	;# 
   181  0093                     	;# 
   182  0094                     	;# 
   183  0095                     	;# 
   184  0096                     	;# 
   185  0097                     	;# 
   186  0098                     	;# 
   187  0099                     	;# 
   188  009A                     	;# 
   189  009B                     	;# 
   190  009C                     	;# 
   191  009D                     	;# 
   192  009E                     	;# 
   193  009F                     	;# 
   194  0105                     	;# 
   195  0107                     	;# 
   196  0108                     	;# 
   197  0109                     	;# 
   198  010C                     	;# 
   199  010C                     	;# 
   200  010D                     	;# 
   201  010E                     	;# 
   202  010F                     	;# 
   203  0185                     	;# 
   204  0187                     	;# 
   205  0188                     	;# 
   206  0189                     	;# 
   207  018C                     	;# 
   208  018D                     	;# 
   209  0000                     	;# 
   210  0001                     	;# 
   211  0002                     	;# 
   212  0003                     	;# 
   213  0004                     	;# 
   214  0005                     	;# 
   215  0006                     	;# 
   216  0007                     	;# 
   217  0008                     	;# 
   218  0009                     	;# 
   219  000A                     	;# 
   220  000B                     	;# 
   221  000C                     	;# 
   222  000D                     	;# 
   223  000E                     	;# 
   224  000E                     	;# 
   225  000F                     	;# 
   226  0010                     	;# 
   227  0011                     	;# 
   228  0012                     	;# 
   229  0013                     	;# 
   230  0014                     	;# 
   231  0015                     	;# 
   232  0015                     	;# 
   233  0016                     	;# 
   234  0017                     	;# 
   235  0018                     	;# 
   236  0019                     	;# 
   237  001A                     	;# 
   238  001B                     	;# 
   239  001B                     	;# 
   240  001C                     	;# 
   241  001D                     	;# 
   242  001E                     	;# 
   243  001F                     	;# 
   244  0081                     	;# 
   245  0085                     	;# 
   246  0086                     	;# 
   247  0087                     	;# 
   248  0088                     	;# 
   249  0089                     	;# 
   250  008C                     	;# 
   251  008D                     	;# 
   252  008E                     	;# 
   253  008F                     	;# 
   254  0090                     	;# 
   255  0091                     	;# 
   256  0092                     	;# 
   257  0093                     	;# 
   258  0093                     	;# 
   259  0093                     	;# 
   260  0094                     	;# 
   261  0095                     	;# 
   262  0096                     	;# 
   263  0097                     	;# 
   264  0098                     	;# 
   265  0099                     	;# 
   266  009A                     	;# 
   267  009B                     	;# 
   268  009C                     	;# 
   269  009D                     	;# 
   270  009E                     	;# 
   271  009F                     	;# 
   272  0105                     	;# 
   273  0107                     	;# 
   274  0108                     	;# 
   275  0109                     	;# 
   276  010C                     	;# 
   277  010C                     	;# 
   278  010D                     	;# 
   279  010E                     	;# 
   280  010F                     	;# 
   281  0185                     	;# 
   282  0187                     	;# 
   283  0188                     	;# 
   284  0189                     	;# 
   285  018C                     	;# 
   286  018D                     	;# 
   287  0000                     	;# 
   288  0001                     	;# 
   289  0002                     	;# 
   290  0003                     	;# 
   291  0004                     	;# 
   292  0005                     	;# 
   293  0006                     	;# 
   294  0007                     	;# 
   295  0008                     	;# 
   296  0009                     	;# 
   297  000A                     	;# 
   298  000B                     	;# 
   299  000C                     	;# 
   300  000D                     	;# 
   301  000E                     	;# 
   302  000E                     	;# 
   303  000F                     	;# 
   304  0010                     	;# 
   305  0011                     	;# 
   306  0012                     	;# 
   307  0013                     	;# 
   308  0014                     	;# 
   309  0015                     	;# 
   310  0015                     	;# 
   311  0016                     	;# 
   312  0017                     	;# 
   313  0018                     	;# 
   314  0019                     	;# 
   315  001A                     	;# 
   316  001B                     	;# 
   317  001B                     	;# 
   318  001C                     	;# 
   319  001D                     	;# 
   320  001E                     	;# 
   321  001F                     	;# 
   322  0081                     	;# 
   323  0085                     	;# 
   324  0086                     	;# 
   325  0087                     	;# 
   326  0088                     	;# 
   327  0089                     	;# 
   328  008C                     	;# 
   329  008D                     	;# 
   330  008E                     	;# 
   331  008F                     	;# 
   332  0090                     	;# 
   333  0091                     	;# 
   334  0092                     	;# 
   335  0093                     	;# 
   336  0093                     	;# 
   337  0093                     	;# 
   338  0094                     	;# 
   339  0095                     	;# 
   340  0096                     	;# 
   341  0097                     	;# 
   342  0098                     	;# 
   343  0099                     	;# 
   344  009A                     	;# 
   345  009B                     	;# 
   346  009C                     	;# 
   347  009D                     	;# 
   348  009E                     	;# 
   349  009F                     	;# 
   350  0105                     	;# 
   351  0107                     	;# 
   352  0108                     	;# 
   353  0109                     	;# 
   354  010C                     	;# 
   355  010C                     	;# 
   356  010D                     	;# 
   357  010E                     	;# 
   358  010F                     	;# 
   359  0185                     	;# 
   360  0187                     	;# 
   361  0188                     	;# 
   362  0189                     	;# 
   363  018C                     	;# 
   364  018D                     	;# 
   365  0013                     _SSPBUF	set	19
   366  0014                     _SSPCON	set	20
   367  0009                     _PORTE	set	9
   368  0007                     _PORTC	set	7
   369  0006                     _PORTB	set	6
   370  0005                     _PORTA	set	5
   371  000C                     _PIR1bits	set	12
   372  0008                     _PORTD	set	8
   373  0006                     _PORTBbits	set	6
   374  000B                     _INTCONbits	set	11
   375  0094                     _SSPSTATbits	set	148
   376  0094                     _SSPSTAT	set	148
   377  008F                     _OSCCONbits	set	143
   378  008C                     _PIE1bits	set	140
   379  0096                     _IOCB	set	150
   380  0081                     _OPTION_REG	set	129
   381  0095                     _WPUB	set	149
   382  0089                     _TRISE	set	137
   383  0088                     _TRISD	set	136
   384  0087                     _TRISC	set	135
   385  0086                     _TRISB	set	134
   386  0085                     _TRISA	set	133
   387  043B                     _TRISC3	set	1083
   388  043D                     _TRISC5	set	1085
   389  0189                     _ANSELH	set	393
   390  0188                     _ANSEL	set	392
   391                           
   392                           	psect	cinit
   393  000F                     start_initialization:	
   394                           ; #config settings
   395                           
   396  000F                     __initialization:
   397                           
   398                           ; Clear objects allocated to COMMON
   399  000F  01F0               	clrf	__pbssCOMMON& (0+127)
   400  0010  01F1               	clrf	(__pbssCOMMON+1)& (0+127)
   401  0011  01F2               	clrf	(__pbssCOMMON+2)& (0+127)
   402  0012  01F3               	clrf	(__pbssCOMMON+3)& (0+127)
   403  0013  01F4               	clrf	(__pbssCOMMON+4)& (0+127)
   404  0014                     end_of_initialization:	
   405                           ;End of C runtime variable initialization code
   406                           
   407  0014                     __end_of__initialization:
   408  0014  0183               	clrf	3
   409  0015  120A  118A  2909   	ljmp	_main	;jump to C main() function
   410                           
   411                           	psect	bssCOMMON
   412  0070                     __pbssCOMMON:
   413  0070                     _ESCRITURA_REVISION:
   414  0070                     	ds	1
   415  0071                     _CONTADOR:
   416  0071                     	ds	1
   417  0072                     _TOGGLE:
   418  0072                     	ds	1
   419  0073                     _FLAGI:
   420  0073                     	ds	1
   421  0074                     _FLAGD:
   422  0074                     	ds	1
   423                           
   424                           	psect	cstackCOMMON
   425  0075                     __pcstackCOMMON:
   426  0075                     ?_spiWrite:
   427  0075                     ??_spiWrite:	
   428                           ; 1 bytes @ 0x0
   429                           
   430  0075                     ?_Setup:	
   431                           ; 1 bytes @ 0x0
   432                           
   433  0075                     ?_initOsc:	
   434                           ; 1 bytes @ 0x0
   435                           
   436  0075                     ?_isr:	
   437                           ; 1 bytes @ 0x0
   438                           
   439  0075                     ?_main:	
   440                           ; 1 bytes @ 0x0
   441                           
   442  0075                     spiWrite@dat:	
   443                           ; 1 bytes @ 0x0
   444                           
   445                           
   446                           ; 1 bytes @ 0x0
   447  0075                     	ds	1
   448  0076                     ??_isr:
   449                           
   450                           ; 1 bytes @ 0x1
   451  0076                     	ds	3
   452  0079                     ??_spiInit:
   453  0079                     initOsc@IRCF:	
   454                           ; 1 bytes @ 0x4
   455                           
   456  0079                     spiInit@sType:	
   457                           ; 1 bytes @ 0x4
   458                           
   459                           
   460                           ; 1 bytes @ 0x4
   461  0079                     	ds	1
   462  007A                     ??_Setup:
   463  007A                     ??_main:	
   464                           ; 1 bytes @ 0x5
   465                           
   466                           
   467                           	psect	cstackBANK0
   468  0020                     __pcstackBANK0:	
   469                           ; 1 bytes @ 0x5
   470                           
   471  0020                     ??_initOsc:
   472  0020                     ?_spiInit:	
   473                           ; 1 bytes @ 0x0
   474                           
   475  0020                     spiInit@sDataSample:	
   476                           ; 1 bytes @ 0x0
   477                           
   478                           
   479                           ; 1 bytes @ 0x0
   480  0020                     	ds	1
   481  0021                     spiInit@sClockIdle:
   482                           
   483                           ; 1 bytes @ 0x1
   484  0021                     	ds	1
   485  0022                     spiInit@sTransmitEdge:
   486                           
   487                           ; 1 bytes @ 0x2
   488  0022                     	ds	1
   489                           
   490                           	psect	maintext
   491  0109                     __pmaintext:	
   492 ;;
   493 ;;Main: autosize = 0, tempsize = 0, incstack = 0, save=0
   494 ;;
   495 ;; *************** function _main *****************
   496 ;; Defined at:
   497 ;;		line 94 in file "E:/UVG/Semestre 5/Digital2/Proyecto1/Slave2_Counter.X/Code_Counter.c"
   498 ;; Parameters:    Size  Location     Type
   499 ;;		None
   500 ;; Auto vars:     Size  Location     Type
   501 ;;		None
   502 ;; Return value:  Size  Location     Type
   503 ;;                  1    wreg      void 
   504 ;; Registers used:
   505 ;;		wreg, fsr0l, fsr0h, status,2, status,0, pclath, cstack
   506 ;; Tracked objects:
   507 ;;		On entry : B00/0
   508 ;;		On exit  : 0/0
   509 ;;		Unchanged: 0/0
   510 ;; Data sizes:     COMMON   BANK0   BANK1   BANK3   BANK2
   511 ;;      Params:         0       0       0       0       0
   512 ;;      Locals:         0       0       0       0       0
   513 ;;      Temps:          0       0       0       0       0
   514 ;;      Totals:         0       0       0       0       0
   515 ;;Total ram usage:        0 bytes
   516 ;; Hardware stack levels required when called:    4
   517 ;; This function calls:
   518 ;;		_Setup
   519 ;; This function is called by:
   520 ;;		Startup code after reset
   521 ;; This function uses a non-reentrant model
   522 ;;
   523                           
   524                           
   525                           ;psect for function _main
   526  0109                     _main:
   527  0109                     l960:	
   528                           ;incstack = 0
   529                           ; Regs used in _main: [wreg-fsr0h+status,2+status,0+pclath+cstack]
   530                           
   531                           
   532                           ;E:/UVG/Semestre 5/Digital2/Proyecto1/Slave2_Counter.X/Code_Counter.c: 95:     Setup();
   533  0109  120A  118A  20B5  120A  118A  	fcall	_Setup
   534  010E                     l74:	
   535                           ;E:/UVG/Semestre 5/Digital2/Proyecto1/Slave2_Counter.X/Code_Counter.c: 96:     while(1){
   536                           
   537  010E                     l75:	
   538                           ;E:/UVG/Semestre 5/Digital2/Proyecto1/Slave2_Counter.X/Code_Counter.c: 97:     }
   539                           
   540  010E  290E               	goto	l74
   541  010F  120A  118A  280C   	ljmp	start
   542  0112                     __end_of_main:
   543                           
   544                           	psect	text1
   545  00B5                     __ptext1:	
   546 ;; *************** function _Setup *****************
   547 ;; Defined at:
   548 ;;		line 103 in file "E:/UVG/Semestre 5/Digital2/Proyecto1/Slave2_Counter.X/Code_Counter.c"
   549 ;; Parameters:    Size  Location     Type
   550 ;;		None
   551 ;; Auto vars:     Size  Location     Type
   552 ;;		None
   553 ;; Return value:  Size  Location     Type
   554 ;;                  1    wreg      void 
   555 ;; Registers used:
   556 ;;		wreg, fsr0l, fsr0h, status,2, status,0, pclath, cstack
   557 ;; Tracked objects:
   558 ;;		On entry : 0/0
   559 ;;		On exit  : 0/0
   560 ;;		Unchanged: 0/0
   561 ;; Data sizes:     COMMON   BANK0   BANK1   BANK3   BANK2
   562 ;;      Params:         0       0       0       0       0
   563 ;;      Locals:         0       0       0       0       0
   564 ;;      Temps:          0       0       0       0       0
   565 ;;      Totals:         0       0       0       0       0
   566 ;;Total ram usage:        0 bytes
   567 ;; Hardware stack levels used:    1
   568 ;; Hardware stack levels required when called:    3
   569 ;; This function calls:
   570 ;;		_initOsc
   571 ;;		_spiInit
   572 ;; This function is called by:
   573 ;;		_main
   574 ;; This function uses a non-reentrant model
   575 ;;
   576                           
   577                           
   578                           ;psect for function _Setup
   579  00B5                     _Setup:
   580  00B5                     l928:	
   581                           ;incstack = 0
   582                           ; Regs used in _Setup: [wreg-fsr0h+status,2+status,0+pclath+cstack]
   583                           
   584                           
   585                           ;E:/UVG/Semestre 5/Digital2/Proyecto1/Slave2_Counter.X/Code_Counter.c: 105:     PORTA = 
      +                          0;
   586  00B5  1283               	bcf	3,5	;RP0=0, select bank0
   587  00B6  1303               	bcf	3,6	;RP1=0, select bank0
   588  00B7  0185               	clrf	5	;volatile
   589                           
   590                           ;E:/UVG/Semestre 5/Digital2/Proyecto1/Slave2_Counter.X/Code_Counter.c: 106:     PORTB = 
      +                          0;
   591  00B8  0186               	clrf	6	;volatile
   592                           
   593                           ;E:/UVG/Semestre 5/Digital2/Proyecto1/Slave2_Counter.X/Code_Counter.c: 107:     PORTC = 
      +                          0;
   594  00B9  0187               	clrf	7	;volatile
   595                           
   596                           ;E:/UVG/Semestre 5/Digital2/Proyecto1/Slave2_Counter.X/Code_Counter.c: 108:     PORTD = 
      +                          0;
   597  00BA  0188               	clrf	8	;volatile
   598                           
   599                           ;E:/UVG/Semestre 5/Digital2/Proyecto1/Slave2_Counter.X/Code_Counter.c: 109:     PORTE = 
      +                          0;
   600  00BB  0189               	clrf	9	;volatile
   601                           
   602                           ;E:/UVG/Semestre 5/Digital2/Proyecto1/Slave2_Counter.X/Code_Counter.c: 111:     ANSEL = 
      +                          0;
   603  00BC  1683               	bsf	3,5	;RP0=1, select bank3
   604  00BD  1703               	bsf	3,6	;RP1=1, select bank3
   605  00BE  0188               	clrf	8	;volatile
   606                           
   607                           ;E:/UVG/Semestre 5/Digital2/Proyecto1/Slave2_Counter.X/Code_Counter.c: 112:     ANSELH =
      +                           0;
   608  00BF  0189               	clrf	9	;volatile
   609  00C0                     l930:
   610                           
   611                           ;E:/UVG/Semestre 5/Digital2/Proyecto1/Slave2_Counter.X/Code_Counter.c: 114:     TRISA = 
      +                          0b00100000;
   612  00C0  3020               	movlw	32
   613  00C1  1683               	bsf	3,5	;RP0=1, select bank1
   614  00C2  1303               	bcf	3,6	;RP1=0, select bank1
   615  00C3  0085               	movwf	5	;volatile
   616  00C4                     l932:
   617                           
   618                           ;E:/UVG/Semestre 5/Digital2/Proyecto1/Slave2_Counter.X/Code_Counter.c: 115:     TRISB = 
      +                          0b00000011;
   619  00C4  3003               	movlw	3
   620  00C5  0086               	movwf	6	;volatile
   621  00C6                     l934:
   622                           
   623                           ;E:/UVG/Semestre 5/Digital2/Proyecto1/Slave2_Counter.X/Code_Counter.c: 116:     TRISC = 
      +                          0b00011000;
   624  00C6  3018               	movlw	24
   625  00C7  0087               	movwf	7	;volatile
   626  00C8                     l936:
   627                           
   628                           ;E:/UVG/Semestre 5/Digital2/Proyecto1/Slave2_Counter.X/Code_Counter.c: 117:     TRISD = 
      +                          0;
   629  00C8  0188               	clrf	8	;volatile
   630  00C9                     l938:
   631                           
   632                           ;E:/UVG/Semestre 5/Digital2/Proyecto1/Slave2_Counter.X/Code_Counter.c: 118:     TRISE = 
      +                          0;
   633  00C9  0189               	clrf	9	;volatile
   634  00CA                     l940:
   635                           
   636                           ;E:/UVG/Semestre 5/Digital2/Proyecto1/Slave2_Counter.X/Code_Counter.c: 120:     WPUB = 0
      +                          b00000011;
   637  00CA  3003               	movlw	3
   638  00CB  0095               	movwf	21	;volatile
   639  00CC                     l942:
   640                           
   641                           ;E:/UVG/Semestre 5/Digital2/Proyecto1/Slave2_Counter.X/Code_Counter.c: 121:     OPTION_R
      +                          EG = 0b01010111;
   642  00CC  3057               	movlw	87
   643  00CD  0081               	movwf	1	;volatile
   644  00CE                     l944:
   645                           
   646                           ;E:/UVG/Semestre 5/Digital2/Proyecto1/Slave2_Counter.X/Code_Counter.c: 124:     initOsc(
      +                          6);
   647  00CE  3006               	movlw	6
   648  00CF  120A  118A  2018  120A  118A  	fcall	_initOsc
   649  00D4                     l946:
   650                           
   651                           ;E:/UVG/Semestre 5/Digital2/Proyecto1/Slave2_Counter.X/Code_Counter.c: 126:     IOCB = 0
      +                          b00000011;
   652  00D4  3003               	movlw	3
   653  00D5  1683               	bsf	3,5	;RP0=1, select bank1
   654  00D6  1303               	bcf	3,6	;RP1=0, select bank1
   655  00D7  0096               	movwf	22	;volatile
   656  00D8                     l948:
   657                           
   658                           ;E:/UVG/Semestre 5/Digital2/Proyecto1/Slave2_Counter.X/Code_Counter.c: 128:     spiInit(
      +                          SPI_SLAVE_SS_EN, SPI_DATA_SAMPLE_MIDDLE, SPI_CLOCK_IDLE_LOW, SPI_IDLE_2_ACTIVE);
   659  00D8  1283               	bcf	3,5	;RP0=0, select bank0
   660  00D9  1303               	bcf	3,6	;RP1=0, select bank0
   661  00DA  01A0               	clrf	spiInit@sDataSample
   662  00DB  01A1               	clrf	spiInit@sClockIdle
   663  00DC  01A2               	clrf	spiInit@sTransmitEdge
   664  00DD  3024               	movlw	36
   665  00DE  120A  118A  20EB  120A  118A  	fcall	_spiInit
   666  00E3                     l950:
   667                           
   668                           ;E:/UVG/Semestre 5/Digital2/Proyecto1/Slave2_Counter.X/Code_Counter.c: 131:     INTCONbi
      +                          ts.GIE = 1;
   669  00E3  178B               	bsf	11,7	;volatile
   670  00E4                     l952:
   671                           
   672                           ;E:/UVG/Semestre 5/Digital2/Proyecto1/Slave2_Counter.X/Code_Counter.c: 132:     INTCONbi
      +                          ts.PEIE = 1;
   673  00E4  170B               	bsf	11,6	;volatile
   674  00E5                     l954:
   675                           
   676                           ;E:/UVG/Semestre 5/Digital2/Proyecto1/Slave2_Counter.X/Code_Counter.c: 133:     INTCONbi
      +                          ts.RBIE = 1;
   677  00E5  158B               	bsf	11,3	;volatile
   678  00E6                     l956:
   679                           
   680                           ;E:/UVG/Semestre 5/Digital2/Proyecto1/Slave2_Counter.X/Code_Counter.c: 134:     INTCONbi
      +                          ts.RBIF = 0;
   681  00E6  100B               	bcf	11,0	;volatile
   682  00E7                     l958:
   683                           
   684                           ;E:/UVG/Semestre 5/Digital2/Proyecto1/Slave2_Counter.X/Code_Counter.c: 135:     PIE1bits
      +                          .SSPIE = 1;
   685  00E7  1683               	bsf	3,5	;RP0=1, select bank1
   686  00E8  1303               	bcf	3,6	;RP1=0, select bank1
   687  00E9  158C               	bsf	12,3	;volatile
   688  00EA                     l80:
   689  00EA  0008               	return
   690  00EB                     __end_of_Setup:
   691                           
   692                           	psect	text2
   693  00EB                     __ptext2:	
   694 ;; *************** function _spiInit *****************
   695 ;; Defined at:
   696 ;;		line 12 in file "E:/UVG/Semestre 5/Digital2/Proyecto1/Slave2_Counter.X/MSSP.c"
   697 ;; Parameters:    Size  Location     Type
   698 ;;  sType           1    wreg     enum E1292
   699 ;;  sDataSample     1    0[BANK0 ] enum E1300
   700 ;;  sClockIdle      1    1[BANK0 ] enum E1304
   701 ;;  sTransmitEdg    1    2[BANK0 ] enum E1308
   702 ;; Auto vars:     Size  Location     Type
   703 ;;  sType           1    4[COMMON] enum E1292
   704 ;; Return value:  Size  Location     Type
   705 ;;                  1    wreg      void 
   706 ;; Registers used:
   707 ;;		wreg, status,2, status,0
   708 ;; Tracked objects:
   709 ;;		On entry : 0/0
   710 ;;		On exit  : 0/0
   711 ;;		Unchanged: 0/0
   712 ;; Data sizes:     COMMON   BANK0   BANK1   BANK3   BANK2
   713 ;;      Params:         0       3       0       0       0
   714 ;;      Locals:         1       0       0       0       0
   715 ;;      Temps:          0       0       0       0       0
   716 ;;      Totals:         1       3       0       0       0
   717 ;;Total ram usage:        4 bytes
   718 ;; Hardware stack levels used:    1
   719 ;; Hardware stack levels required when called:    2
   720 ;; This function calls:
   721 ;;		Nothing
   722 ;; This function is called by:
   723 ;;		_Setup
   724 ;; This function uses a non-reentrant model
   725 ;;
   726                           
   727                           
   728                           ;psect for function _spiInit
   729  00EB                     _spiInit:
   730                           
   731                           ;incstack = 0
   732                           ; Regs used in _spiInit: [wreg+status,2+status,0]
   733                           ;spiInit@sType stored from wreg
   734  00EB  00F9               	movwf	spiInit@sType
   735  00EC                     l918:
   736                           
   737                           ;E:/UVG/Semestre 5/Digital2/Proyecto1/Slave2_Counter.X/MSSP.c: 13:     TRISC5 = 0;
   738  00EC  1683               	bsf	3,5	;RP0=1, select bank1
   739  00ED  1303               	bcf	3,6	;RP1=0, select bank1
   740  00EE  1287               	bcf	7,5	;volatile
   741                           
   742                           ;E:/UVG/Semestre 5/Digital2/Proyecto1/Slave2_Counter.X/MSSP.c: 14:     if(sType & 0b0000
      +                          0100)
   743  00EF  1D79               	btfss	spiInit@sType,2
   744  00F0  28F2               	goto	u101
   745  00F1  28F3               	goto	u100
   746  00F2                     u101:
   747  00F2  28FB               	goto	l924
   748  00F3                     u100:
   749  00F3                     l920:
   750                           
   751                           ;E:/UVG/Semestre 5/Digital2/Proyecto1/Slave2_Counter.X/MSSP.c: 15:     {;E:/UVG/Semestre
      +                           5/Digital2/Proyecto1/Slave2_Counter.X/MSSP.c: 16:         SSPSTAT = sTransmitEdge;
   752  00F3  1283               	bcf	3,5	;RP0=0, select bank0
   753  00F4  1303               	bcf	3,6	;RP1=0, select bank0
   754  00F5  0822               	movf	spiInit@sTransmitEdge,w
   755  00F6  1683               	bsf	3,5	;RP0=1, select bank1
   756  00F7  1303               	bcf	3,6	;RP1=0, select bank1
   757  00F8  0094               	movwf	20	;volatile
   758  00F9                     l922:
   759                           
   760                           ;E:/UVG/Semestre 5/Digital2/Proyecto1/Slave2_Counter.X/MSSP.c: 17:         TRISC3 = 1;
   761  00F9  1587               	bsf	7,3	;volatile
   762                           
   763                           ;E:/UVG/Semestre 5/Digital2/Proyecto1/Slave2_Counter.X/MSSP.c: 18:     }
   764  00FA  2903               	goto	l112
   765  00FB                     l924:
   766                           
   767                           ;E:/UVG/Semestre 5/Digital2/Proyecto1/Slave2_Counter.X/MSSP.c: 20:     {;E:/UVG/Semestre
      +                           5/Digital2/Proyecto1/Slave2_Counter.X/MSSP.c: 21:         SSPSTAT = sDataSample | sTran
      +                          smitEdge;
   768  00FB  1283               	bcf	3,5	;RP0=0, select bank0
   769  00FC  1303               	bcf	3,6	;RP1=0, select bank0
   770  00FD  0820               	movf	spiInit@sDataSample,w
   771  00FE  0422               	iorwf	spiInit@sTransmitEdge,w
   772  00FF  1683               	bsf	3,5	;RP0=1, select bank1
   773  0100  1303               	bcf	3,6	;RP1=0, select bank1
   774  0101  0094               	movwf	20	;volatile
   775  0102                     l926:
   776                           
   777                           ;E:/UVG/Semestre 5/Digital2/Proyecto1/Slave2_Counter.X/MSSP.c: 22:         TRISC3 = 0;
   778  0102  1187               	bcf	7,3	;volatile
   779  0103                     l112:	
   780                           ;E:/UVG/Semestre 5/Digital2/Proyecto1/Slave2_Counter.X/MSSP.c: 23:     }
   781                           
   782                           
   783                           ;E:/UVG/Semestre 5/Digital2/Proyecto1/Slave2_Counter.X/MSSP.c: 25:     SSPCON = sType | 
      +                          sClockIdle;
   784  0103  0879               	movf	spiInit@sType,w
   785  0104  1283               	bcf	3,5	;RP0=0, select bank0
   786  0105  1303               	bcf	3,6	;RP1=0, select bank0
   787  0106  0421               	iorwf	spiInit@sClockIdle,w
   788  0107  0094               	movwf	20	;volatile
   789  0108                     l113:
   790  0108  0008               	return
   791  0109                     __end_of_spiInit:
   792                           
   793                           	psect	text3
   794  0018                     __ptext3:	
   795 ;; *************** function _initOsc *****************
   796 ;; Defined at:
   797 ;;		line 6 in file "E:/UVG/Semestre 5/Digital2/Proyecto1/Slave2_Counter.X/Oscilador.c"
   798 ;; Parameters:    Size  Location     Type
   799 ;;  IRCF            1    wreg     unsigned char 
   800 ;; Auto vars:     Size  Location     Type
   801 ;;  IRCF            1    4[COMMON] unsigned char 
   802 ;; Return value:  Size  Location     Type
   803 ;;                  1    wreg      void 
   804 ;; Registers used:
   805 ;;		wreg, fsr0l, fsr0h, status,2, status,0
   806 ;; Tracked objects:
   807 ;;		On entry : 0/0
   808 ;;		On exit  : 0/0
   809 ;;		Unchanged: 0/0
   810 ;; Data sizes:     COMMON   BANK0   BANK1   BANK3   BANK2
   811 ;;      Params:         0       0       0       0       0
   812 ;;      Locals:         1       0       0       0       0
   813 ;;      Temps:          0       2       0       0       0
   814 ;;      Totals:         1       2       0       0       0
   815 ;;Total ram usage:        3 bytes
   816 ;; Hardware stack levels used:    1
   817 ;; Hardware stack levels required when called:    2
   818 ;; This function calls:
   819 ;;		Nothing
   820 ;; This function is called by:
   821 ;;		_Setup
   822 ;; This function uses a non-reentrant model
   823 ;;
   824                           
   825                           
   826                           ;psect for function _initOsc
   827  0018                     _initOsc:
   828                           
   829                           ;incstack = 0
   830                           ; Regs used in _initOsc: [wreg-fsr0h+status,2+status,0]
   831                           ;initOsc@IRCF stored from wreg
   832  0018  00F9               	movwf	initOsc@IRCF
   833  0019                     l908:
   834                           
   835                           ;E:/UVG/Semestre 5/Digital2/Proyecto1/Slave2_Counter.X/Oscilador.c: 8:     switch(IRCF){
   836  0019  2850               	goto	l912
   837  001A                     l86:	
   838                           ;E:/UVG/Semestre 5/Digital2/Proyecto1/Slave2_Counter.X/Oscilador.c: 9:         case 0:
   839                           
   840                           
   841                           ;E:/UVG/Semestre 5/Digital2/Proyecto1/Slave2_Counter.X/Oscilador.c: 10:             OSCC
      +                          ONbits.IRCF2 = 0;
   842  001A  1683               	bsf	3,5	;RP0=1, select bank1
   843  001B  1303               	bcf	3,6	;RP1=0, select bank1
   844  001C  130F               	bcf	15,6	;volatile
   845                           
   846                           ;E:/UVG/Semestre 5/Digital2/Proyecto1/Slave2_Counter.X/Oscilador.c: 11:             OSCC
      +                          ONbits.IRCF1 = 0;
   847  001D  128F               	bcf	15,5	;volatile
   848                           
   849                           ;E:/UVG/Semestre 5/Digital2/Proyecto1/Slave2_Counter.X/Oscilador.c: 12:             OSCC
      +                          ONbits.IRCF0 = 0;
   850  001E  120F               	bcf	15,4	;volatile
   851                           
   852                           ;E:/UVG/Semestre 5/Digital2/Proyecto1/Slave2_Counter.X/Oscilador.c: 13:             brea
      +                          k;
   853  001F  2874               	goto	l87
   854  0020                     l88:	
   855                           ;E:/UVG/Semestre 5/Digital2/Proyecto1/Slave2_Counter.X/Oscilador.c: 14:         case 1:
   856                           
   857                           
   858                           ;E:/UVG/Semestre 5/Digital2/Proyecto1/Slave2_Counter.X/Oscilador.c: 15:             OSCC
      +                          ONbits.IRCF2 = 0;
   859  0020  1683               	bsf	3,5	;RP0=1, select bank1
   860  0021  1303               	bcf	3,6	;RP1=0, select bank1
   861  0022  130F               	bcf	15,6	;volatile
   862                           
   863                           ;E:/UVG/Semestre 5/Digital2/Proyecto1/Slave2_Counter.X/Oscilador.c: 16:             OSCC
      +                          ONbits.IRCF1 = 0;
   864  0023  128F               	bcf	15,5	;volatile
   865                           
   866                           ;E:/UVG/Semestre 5/Digital2/Proyecto1/Slave2_Counter.X/Oscilador.c: 17:             OSCC
      +                          ONbits.IRCF0 = 1;
   867  0024  160F               	bsf	15,4	;volatile
   868                           
   869                           ;E:/UVG/Semestre 5/Digital2/Proyecto1/Slave2_Counter.X/Oscilador.c: 18:             brea
      +                          k;
   870  0025  2874               	goto	l87
   871  0026                     l89:	
   872                           ;E:/UVG/Semestre 5/Digital2/Proyecto1/Slave2_Counter.X/Oscilador.c: 19:         case 2:
   873                           
   874                           
   875                           ;E:/UVG/Semestre 5/Digital2/Proyecto1/Slave2_Counter.X/Oscilador.c: 20:             OSCC
      +                          ONbits.IRCF2 = 0;
   876  0026  1683               	bsf	3,5	;RP0=1, select bank1
   877  0027  1303               	bcf	3,6	;RP1=0, select bank1
   878  0028  130F               	bcf	15,6	;volatile
   879                           
   880                           ;E:/UVG/Semestre 5/Digital2/Proyecto1/Slave2_Counter.X/Oscilador.c: 21:             OSCC
      +                          ONbits.IRCF1 = 1;
   881  0029  168F               	bsf	15,5	;volatile
   882                           
   883                           ;E:/UVG/Semestre 5/Digital2/Proyecto1/Slave2_Counter.X/Oscilador.c: 22:             OSCC
      +                          ONbits.IRCF0 = 0;
   884  002A  120F               	bcf	15,4	;volatile
   885                           
   886                           ;E:/UVG/Semestre 5/Digital2/Proyecto1/Slave2_Counter.X/Oscilador.c: 23:             brea
      +                          k;
   887  002B  2874               	goto	l87
   888  002C                     l90:	
   889                           ;E:/UVG/Semestre 5/Digital2/Proyecto1/Slave2_Counter.X/Oscilador.c: 24:         case 3:
   890                           
   891                           
   892                           ;E:/UVG/Semestre 5/Digital2/Proyecto1/Slave2_Counter.X/Oscilador.c: 25:             OSCC
      +                          ONbits.IRCF2 = 0;
   893  002C  1683               	bsf	3,5	;RP0=1, select bank1
   894  002D  1303               	bcf	3,6	;RP1=0, select bank1
   895  002E  130F               	bcf	15,6	;volatile
   896                           
   897                           ;E:/UVG/Semestre 5/Digital2/Proyecto1/Slave2_Counter.X/Oscilador.c: 26:             OSCC
      +                          ONbits.IRCF1 = 1;
   898  002F  168F               	bsf	15,5	;volatile
   899                           
   900                           ;E:/UVG/Semestre 5/Digital2/Proyecto1/Slave2_Counter.X/Oscilador.c: 27:             OSCC
      +                          ONbits.IRCF0 = 1;
   901  0030  160F               	bsf	15,4	;volatile
   902                           
   903                           ;E:/UVG/Semestre 5/Digital2/Proyecto1/Slave2_Counter.X/Oscilador.c: 28:             brea
      +                          k;
   904  0031  2874               	goto	l87
   905  0032                     l91:	
   906                           ;E:/UVG/Semestre 5/Digital2/Proyecto1/Slave2_Counter.X/Oscilador.c: 29:         case 4:
   907                           
   908                           
   909                           ;E:/UVG/Semestre 5/Digital2/Proyecto1/Slave2_Counter.X/Oscilador.c: 30:             OSCC
      +                          ONbits.IRCF2 = 1;
   910  0032  1683               	bsf	3,5	;RP0=1, select bank1
   911  0033  1303               	bcf	3,6	;RP1=0, select bank1
   912  0034  170F               	bsf	15,6	;volatile
   913                           
   914                           ;E:/UVG/Semestre 5/Digital2/Proyecto1/Slave2_Counter.X/Oscilador.c: 31:             OSCC
      +                          ONbits.IRCF1 = 0;
   915  0035  128F               	bcf	15,5	;volatile
   916                           
   917                           ;E:/UVG/Semestre 5/Digital2/Proyecto1/Slave2_Counter.X/Oscilador.c: 32:             OSCC
      +                          ONbits.IRCF0 = 0;
   918  0036  120F               	bcf	15,4	;volatile
   919                           
   920                           ;E:/UVG/Semestre 5/Digital2/Proyecto1/Slave2_Counter.X/Oscilador.c: 33:             brea
      +                          k;
   921  0037  2874               	goto	l87
   922  0038                     l92:	
   923                           ;E:/UVG/Semestre 5/Digital2/Proyecto1/Slave2_Counter.X/Oscilador.c: 34:         case 5:
   924                           
   925                           
   926                           ;E:/UVG/Semestre 5/Digital2/Proyecto1/Slave2_Counter.X/Oscilador.c: 35:             OSCC
      +                          ONbits.IRCF2 = 1;
   927  0038  1683               	bsf	3,5	;RP0=1, select bank1
   928  0039  1303               	bcf	3,6	;RP1=0, select bank1
   929  003A  170F               	bsf	15,6	;volatile
   930                           
   931                           ;E:/UVG/Semestre 5/Digital2/Proyecto1/Slave2_Counter.X/Oscilador.c: 36:             OSCC
      +                          ONbits.IRCF1 = 0;
   932  003B  128F               	bcf	15,5	;volatile
   933                           
   934                           ;E:/UVG/Semestre 5/Digital2/Proyecto1/Slave2_Counter.X/Oscilador.c: 37:             OSCC
      +                          ONbits.IRCF0 = 1;
   935  003C  160F               	bsf	15,4	;volatile
   936                           
   937                           ;E:/UVG/Semestre 5/Digital2/Proyecto1/Slave2_Counter.X/Oscilador.c: 38:             brea
      +                          k;
   938  003D  2874               	goto	l87
   939  003E                     l93:	
   940                           ;E:/UVG/Semestre 5/Digital2/Proyecto1/Slave2_Counter.X/Oscilador.c: 39:         case 6:
   941                           
   942                           
   943                           ;E:/UVG/Semestre 5/Digital2/Proyecto1/Slave2_Counter.X/Oscilador.c: 40:             OSCC
      +                          ONbits.IRCF2 = 1;
   944  003E  1683               	bsf	3,5	;RP0=1, select bank1
   945  003F  1303               	bcf	3,6	;RP1=0, select bank1
   946  0040  170F               	bsf	15,6	;volatile
   947                           
   948                           ;E:/UVG/Semestre 5/Digital2/Proyecto1/Slave2_Counter.X/Oscilador.c: 41:             OSCC
      +                          ONbits.IRCF1 = 1;
   949  0041  168F               	bsf	15,5	;volatile
   950                           
   951                           ;E:/UVG/Semestre 5/Digital2/Proyecto1/Slave2_Counter.X/Oscilador.c: 42:             OSCC
      +                          ONbits.IRCF0 = 0;
   952  0042  120F               	bcf	15,4	;volatile
   953                           
   954                           ;E:/UVG/Semestre 5/Digital2/Proyecto1/Slave2_Counter.X/Oscilador.c: 43:             brea
      +                          k;
   955  0043  2874               	goto	l87
   956  0044                     l94:	
   957                           ;E:/UVG/Semestre 5/Digital2/Proyecto1/Slave2_Counter.X/Oscilador.c: 44:         case 7:
   958                           
   959                           
   960                           ;E:/UVG/Semestre 5/Digital2/Proyecto1/Slave2_Counter.X/Oscilador.c: 45:             OSCC
      +                          ONbits.IRCF2 = 1;
   961  0044  1683               	bsf	3,5	;RP0=1, select bank1
   962  0045  1303               	bcf	3,6	;RP1=0, select bank1
   963  0046  170F               	bsf	15,6	;volatile
   964                           
   965                           ;E:/UVG/Semestre 5/Digital2/Proyecto1/Slave2_Counter.X/Oscilador.c: 46:             OSCC
      +                          ONbits.IRCF1 = 1;
   966  0047  168F               	bsf	15,5	;volatile
   967                           
   968                           ;E:/UVG/Semestre 5/Digital2/Proyecto1/Slave2_Counter.X/Oscilador.c: 47:             OSCC
      +                          ONbits.IRCF0 = 1;
   969  0048  160F               	bsf	15,4	;volatile
   970                           
   971                           ;E:/UVG/Semestre 5/Digital2/Proyecto1/Slave2_Counter.X/Oscilador.c: 48:             brea
      +                          k;
   972  0049  2874               	goto	l87
   973  004A                     l95:	
   974                           ;E:/UVG/Semestre 5/Digital2/Proyecto1/Slave2_Counter.X/Oscilador.c: 49:         default:
   975                           
   976                           
   977                           ;E:/UVG/Semestre 5/Digital2/Proyecto1/Slave2_Counter.X/Oscilador.c: 50:             OSCC
      +                          ONbits.IRCF2 = 1;
   978  004A  1683               	bsf	3,5	;RP0=1, select bank1
   979  004B  1303               	bcf	3,6	;RP1=0, select bank1
   980  004C  170F               	bsf	15,6	;volatile
   981                           
   982                           ;E:/UVG/Semestre 5/Digital2/Proyecto1/Slave2_Counter.X/Oscilador.c: 51:             OSCC
      +                          ONbits.IRCF1 = 1;
   983  004D  168F               	bsf	15,5	;volatile
   984                           
   985                           ;E:/UVG/Semestre 5/Digital2/Proyecto1/Slave2_Counter.X/Oscilador.c: 52:             OSCC
      +                          ONbits.IRCF0 = 0;
   986  004E  120F               	bcf	15,4	;volatile
   987                           
   988                           ;E:/UVG/Semestre 5/Digital2/Proyecto1/Slave2_Counter.X/Oscilador.c: 53:             brea
      +                          k;
   989  004F  2874               	goto	l87
   990  0050                     l912:
   991  0050  0879               	movf	initOsc@IRCF,w
   992  0051  1283               	bcf	3,5	;RP0=0, select bank0
   993  0052  1303               	bcf	3,6	;RP1=0, select bank0
   994  0053  00A0               	movwf	??_initOsc
   995  0054  01A1               	clrf	??_initOsc+1
   996                           
   997                           ; Switch on 2 bytes has been partitioned into a top level switch of size 1, and 1 sub-sw
      +                          itches
   998                           ; Switch size 1, requested type "simple"
   999                           ; Number of cases is 1, Range of values is 0 to 0
  1000                           ; switch strategies available:
  1001                           ; Name         Instructions Cycles
  1002                           ; simple_byte            4     3 (average)
  1003                           ; direct_byte           11     8 (fixed)
  1004                           ; jumptable            260     6 (fixed)
  1005                           ;	Chosen strategy is simple_byte
  1006  0055  0821               	movf	??_initOsc+1,w
  1007  0056  3A00               	xorlw	0	; case 0
  1008  0057  1903               	skipnz
  1009  0058  285A               	goto	l982
  1010  0059  284A               	goto	l95
  1011  005A                     l982:
  1012                           
  1013                           ; Switch size 1, requested type "simple"
  1014                           ; Number of cases is 8, Range of values is 0 to 7
  1015                           ; switch strategies available:
  1016                           ; Name         Instructions Cycles
  1017                           ; simple_byte           25    13 (average)
  1018                           ; direct_byte           32     8 (fixed)
  1019                           ; jumptable            260     6 (fixed)
  1020                           ;	Chosen strategy is simple_byte
  1021  005A  0820               	movf	??_initOsc,w
  1022  005B  3A00               	xorlw	0	; case 0
  1023  005C  1903               	skipnz
  1024  005D  281A               	goto	l86
  1025  005E  3A01               	xorlw	1	; case 1
  1026  005F  1903               	skipnz
  1027  0060  2820               	goto	l88
  1028  0061  3A03               	xorlw	3	; case 2
  1029  0062  1903               	skipnz
  1030  0063  2826               	goto	l89
  1031  0064  3A01               	xorlw	1	; case 3
  1032  0065  1903               	skipnz
  1033  0066  282C               	goto	l90
  1034  0067  3A07               	xorlw	7	; case 4
  1035  0068  1903               	skipnz
  1036  0069  2832               	goto	l91
  1037  006A  3A01               	xorlw	1	; case 5
  1038  006B  1903               	skipnz
  1039  006C  2838               	goto	l92
  1040  006D  3A03               	xorlw	3	; case 6
  1041  006E  1903               	skipnz
  1042  006F  283E               	goto	l93
  1043  0070  3A01               	xorlw	1	; case 7
  1044  0071  1903               	skipnz
  1045  0072  2844               	goto	l94
  1046  0073  284A               	goto	l95
  1047  0074                     l87:
  1048                           
  1049                           ;E:/UVG/Semestre 5/Digital2/Proyecto1/Slave2_Counter.X/Oscilador.c: 56:     OSCCONbits.S
      +                          CS = 1;
  1050  0074  140F               	bsf	15,0	;volatile
  1051  0075                     l96:
  1052  0075  0008               	return
  1053  0076                     __end_of_initOsc:
  1054                           
  1055                           	psect	text4
  1056  0076                     __ptext4:	
  1057 ;; *************** function _isr *****************
  1058 ;; Defined at:
  1059 ;;		line 59 in file "E:/UVG/Semestre 5/Digital2/Proyecto1/Slave2_Counter.X/Code_Counter.c"
  1060 ;; Parameters:    Size  Location     Type
  1061 ;;		None
  1062 ;; Auto vars:     Size  Location     Type
  1063 ;;		None
  1064 ;; Return value:  Size  Location     Type
  1065 ;;                  1    wreg      void 
  1066 ;; Registers used:
  1067 ;;		wreg, status,2, status,0, pclath, cstack
  1068 ;; Tracked objects:
  1069 ;;		On entry : 0/0
  1070 ;;		On exit  : 0/0
  1071 ;;		Unchanged: 0/0
  1072 ;; Data sizes:     COMMON   BANK0   BANK1   BANK3   BANK2
  1073 ;;      Params:         0       0       0       0       0
  1074 ;;      Locals:         0       0       0       0       0
  1075 ;;      Temps:          3       0       0       0       0
  1076 ;;      Totals:         3       0       0       0       0
  1077 ;;Total ram usage:        3 bytes
  1078 ;; Hardware stack levels used:    1
  1079 ;; Hardware stack levels required when called:    1
  1080 ;; This function calls:
  1081 ;;		_spiWrite
  1082 ;; This function is called by:
  1083 ;;		Interrupt level 1
  1084 ;; This function uses a non-reentrant model
  1085 ;;
  1086                           
  1087                           
  1088                           ;psect for function _isr
  1089  0076                     _isr:
  1090  0076                     i1l778:
  1091                           
  1092                           ;E:/UVG/Semestre 5/Digital2/Proyecto1/Slave2_Counter.X/Code_Counter.c: 60:     (INTCONbi
      +                          ts.GIE = 0);
  1093  0076  138B               	bcf	11,7	;volatile
  1094                           
  1095                           ;E:/UVG/Semestre 5/Digital2/Proyecto1/Slave2_Counter.X/Code_Counter.c: 62:     if(INTCON
      +                          bits.RBIF == 1){
  1096  0077  1C0B               	btfss	11,0	;volatile
  1097  0078  287A               	goto	u3_21
  1098  0079  287B               	goto	u3_20
  1099  007A                     u3_21:
  1100  007A  289E               	goto	i1l802
  1101  007B                     u3_20:
  1102  007B                     i1l780:
  1103                           
  1104                           ;E:/UVG/Semestre 5/Digital2/Proyecto1/Slave2_Counter.X/Code_Counter.c: 63:         if(PO
      +                          RTBbits.RB0 == 0){
  1105  007B  1283               	bcf	3,5	;RP0=0, select bank0
  1106  007C  1303               	bcf	3,6	;RP1=0, select bank0
  1107  007D  1806               	btfsc	6,0	;volatile
  1108  007E  2880               	goto	u4_21
  1109  007F  2881               	goto	u4_20
  1110  0080                     u4_21:
  1111  0080  2884               	goto	i1l784
  1112  0081                     u4_20:
  1113  0081                     i1l782:
  1114                           
  1115                           ;E:/UVG/Semestre 5/Digital2/Proyecto1/Slave2_Counter.X/Code_Counter.c: 64:             F
      +                          LAGI = 1;
  1116  0081  01F3               	clrf	_FLAGI
  1117  0082  0AF3               	incf	_FLAGI,f
  1118                           
  1119                           ;E:/UVG/Semestre 5/Digital2/Proyecto1/Slave2_Counter.X/Code_Counter.c: 65:         }
  1120  0083  288E               	goto	i1l790
  1121  0084                     i1l784:
  1122                           
  1123                           ;E:/UVG/Semestre 5/Digital2/Proyecto1/Slave2_Counter.X/Code_Counter.c: 67:             i
      +                          f(FLAGI == 1){
  1124  0084  0373               	decf	_FLAGI,w
  1125  0085  1D03               	btfss	3,2
  1126  0086  2888               	goto	u5_21
  1127  0087  2889               	goto	u5_20
  1128  0088                     u5_21:
  1129  0088  288E               	goto	i1l790
  1130  0089                     u5_20:
  1131  0089                     i1l786:
  1132                           
  1133                           ;E:/UVG/Semestre 5/Digital2/Proyecto1/Slave2_Counter.X/Code_Counter.c: 68:              
      +                             FLAGI = 0;
  1134  0089  01F3               	clrf	_FLAGI
  1135  008A                     i1l788:
  1136                           
  1137                           ;E:/UVG/Semestre 5/Digital2/Proyecto1/Slave2_Counter.X/Code_Counter.c: 69:              
      +                             PORTD++;
  1138  008A  3001               	movlw	1
  1139  008B  00F6               	movwf	??_isr
  1140  008C  0876               	movf	??_isr,w
  1141  008D  0788               	addwf	8,f	;volatile
  1142  008E                     i1l790:
  1143                           
  1144                           ;E:/UVG/Semestre 5/Digital2/Proyecto1/Slave2_Counter.X/Code_Counter.c: 72:         if(PO
      +                          RTBbits.RB1 == 0){
  1145  008E  1886               	btfsc	6,1	;volatile
  1146  008F  2891               	goto	u6_21
  1147  0090  2892               	goto	u6_20
  1148  0091                     u6_21:
  1149  0091  2895               	goto	i1l794
  1150  0092                     u6_20:
  1151  0092                     i1l792:
  1152                           
  1153                           ;E:/UVG/Semestre 5/Digital2/Proyecto1/Slave2_Counter.X/Code_Counter.c: 73:             F
      +                          LAGD = 1;
  1154  0092  01F4               	clrf	_FLAGD
  1155  0093  0AF4               	incf	_FLAGD,f
  1156                           
  1157                           ;E:/UVG/Semestre 5/Digital2/Proyecto1/Slave2_Counter.X/Code_Counter.c: 74:         }
  1158  0094  289D               	goto	i1l800
  1159  0095                     i1l794:
  1160                           
  1161                           ;E:/UVG/Semestre 5/Digital2/Proyecto1/Slave2_Counter.X/Code_Counter.c: 76:             i
      +                          f(FLAGD == 1){
  1162  0095  0374               	decf	_FLAGD,w
  1163  0096  1D03               	btfss	3,2
  1164  0097  2899               	goto	u7_21
  1165  0098  289A               	goto	u7_20
  1166  0099                     u7_21:
  1167  0099  289D               	goto	i1l800
  1168  009A                     u7_20:
  1169  009A                     i1l796:
  1170                           
  1171                           ;E:/UVG/Semestre 5/Digital2/Proyecto1/Slave2_Counter.X/Code_Counter.c: 77:              
      +                             FLAGD = 0;
  1172  009A  01F4               	clrf	_FLAGD
  1173  009B                     i1l798:
  1174                           
  1175                           ;E:/UVG/Semestre 5/Digital2/Proyecto1/Slave2_Counter.X/Code_Counter.c: 78:              
      +                             PORTD--;
  1176  009B  3001               	movlw	1
  1177  009C  0288               	subwf	8,f	;volatile
  1178  009D                     i1l800:
  1179                           
  1180                           ;E:/UVG/Semestre 5/Digital2/Proyecto1/Slave2_Counter.X/Code_Counter.c: 81:         INTCO
      +                          Nbits.RBIF = 0;
  1181  009D  100B               	bcf	11,0	;volatile
  1182  009E                     i1l802:
  1183                           
  1184                           ;E:/UVG/Semestre 5/Digital2/Proyecto1/Slave2_Counter.X/Code_Counter.c: 84:     if (PIR1b
      +                          its.SSPIF == 1) {
  1185  009E  1283               	bcf	3,5	;RP0=0, select bank0
  1186  009F  1303               	bcf	3,6	;RP1=0, select bank0
  1187  00A0  1D8C               	btfss	12,3	;volatile
  1188  00A1  28A3               	goto	u8_21
  1189  00A2  28A4               	goto	u8_20
  1190  00A3                     u8_21:
  1191  00A3  28AD               	goto	i1l808
  1192  00A4                     u8_20:
  1193  00A4                     i1l804:
  1194                           
  1195                           ;E:/UVG/Semestre 5/Digital2/Proyecto1/Slave2_Counter.X/Code_Counter.c: 85:         spiWr
      +                          ite(PORTD);
  1196  00A4  0808               	movf	8,w	;volatile
  1197  00A5  120A  118A  2112  120A  118A  	fcall	_spiWrite
  1198  00AA                     i1l806:
  1199                           
  1200                           ;E:/UVG/Semestre 5/Digital2/Proyecto1/Slave2_Counter.X/Code_Counter.c: 86:         PIR1b
      +                          its.SSPIF = 0;
  1201  00AA  1283               	bcf	3,5	;RP0=0, select bank0
  1202  00AB  1303               	bcf	3,6	;RP1=0, select bank0
  1203  00AC  118C               	bcf	12,3	;volatile
  1204  00AD                     i1l808:
  1205                           
  1206                           ;E:/UVG/Semestre 5/Digital2/Proyecto1/Slave2_Counter.X/Code_Counter.c: 88:     (INTCONbi
      +                          ts.GIE = 1);
  1207  00AD  178B               	bsf	11,7	;volatile
  1208  00AE                     i1l69:
  1209  00AE  0878               	movf	??_isr+2,w
  1210  00AF  008A               	movwf	10
  1211  00B0  0E77               	swapf	??_isr+1,w
  1212  00B1  0083               	movwf	3
  1213  00B2  0EFE               	swapf	btemp,f
  1214  00B3  0E7E               	swapf	btemp,w
  1215  00B4  0009               	retfie
  1216  00B5                     __end_of_isr:
  1217                           
  1218                           	psect	intentry
  1219  0004                     __pintentry:	
  1220                           ;incstack = 0
  1221                           ; Regs used in _isr: [wreg+status,2+status,0+pclath+cstack]
  1222                           
  1223  0004                     interrupt_function:
  1224  007E                     saved_w	set	btemp
  1225  0004  00FE               	movwf	btemp
  1226  0005  0E03               	swapf	3,w
  1227  0006  00F7               	movwf	??_isr+1
  1228  0007  080A               	movf	10,w
  1229  0008  00F8               	movwf	??_isr+2
  1230  0009  120A  118A  2876   	ljmp	_isr
  1231                           
  1232                           	psect	text5
  1233  0112                     __ptext5:	
  1234 ;; *************** function _spiWrite *****************
  1235 ;; Defined at:
  1236 ;;		line 32 in file "E:/UVG/Semestre 5/Digital2/Proyecto1/Slave2_Counter.X/MSSP.c"
  1237 ;; Parameters:    Size  Location     Type
  1238 ;;  dat             1    wreg     unsigned char 
  1239 ;; Auto vars:     Size  Location     Type
  1240 ;;  dat             1    0[COMMON] unsigned char 
  1241 ;; Return value:  Size  Location     Type
  1242 ;;                  1    wreg      void 
  1243 ;; Registers used:
  1244 ;;		wreg
  1245 ;; Tracked objects:
  1246 ;;		On entry : 0/0
  1247 ;;		On exit  : 0/0
  1248 ;;		Unchanged: 0/0
  1249 ;; Data sizes:     COMMON   BANK0   BANK1   BANK3   BANK2
  1250 ;;      Params:         0       0       0       0       0
  1251 ;;      Locals:         1       0       0       0       0
  1252 ;;      Temps:          0       0       0       0       0
  1253 ;;      Totals:         1       0       0       0       0
  1254 ;;Total ram usage:        1 bytes
  1255 ;; Hardware stack levels used:    1
  1256 ;; This function calls:
  1257 ;;		Nothing
  1258 ;; This function is called by:
  1259 ;;		_isr
  1260 ;; This function uses a non-reentrant model
  1261 ;;
  1262                           
  1263                           
  1264                           ;psect for function _spiWrite
  1265  0112                     _spiWrite:
  1266                           
  1267                           ;incstack = 0
  1268                           ; Regs used in _spiWrite: [wreg]
  1269                           ;spiWrite@dat stored from wreg
  1270  0112  00F5               	movwf	spiWrite@dat
  1271  0113                     i1l742:
  1272                           
  1273                           ;E:/UVG/Semestre 5/Digital2/Proyecto1/Slave2_Counter.X/MSSP.c: 33:     SSPBUF = dat;
  1274  0113  0875               	movf	spiWrite@dat,w
  1275  0114  1283               	bcf	3,5	;RP0=0, select bank0
  1276  0115  1303               	bcf	3,6	;RP1=0, select bank0
  1277  0116  0093               	movwf	19	;volatile
  1278  0117                     i1l122:
  1279  0117  0008               	return
  1280  0118                     __end_of_spiWrite:
  1281  007E                     btemp	set	126	;btemp
  1282  007E                     wtemp0	set	126
  1283                           
  1284                           	psect	config
  1285                           
  1286                           ;Config register CONFIG1 @ 0x2007
  1287                           ;	Oscillator Selection bits
  1288                           ;	FOSC = INTRC_NOCLKOUT, INTOSCIO oscillator: I/O function on RA6/OSC2/CLKOUT pin, I/O f
      +                          unction on RA7/OSC1/CLKIN
  1289                           ;	Watchdog Timer Enable bit
  1290                           ;	WDTE = OFF, WDT disabled and can be enabled by SWDTEN bit of the WDTCON register
  1291                           ;	Power-up Timer Enable bit
  1292                           ;	PWRTE = OFF, PWRT disabled
  1293                           ;	RE3/MCLR pin function select bit
  1294                           ;	MCLRE = OFF, RE3/MCLR pin function is digital input, MCLR internally tied to VDD
  1295                           ;	Code Protection bit
  1296                           ;	CP = OFF, Program memory code protection is disabled
  1297                           ;	Data Code Protection bit
  1298                           ;	CPD = OFF, Data memory code protection is disabled
  1299                           ;	Brown Out Reset Selection bits
  1300                           ;	BOREN = OFF, BOR disabled
  1301                           ;	Internal External Switchover bit
  1302                           ;	IESO = OFF, Internal/External Switchover mode is disabled
  1303                           ;	Fail-Safe Clock Monitor Enabled bit
  1304                           ;	FCMEN = OFF, Fail-Safe Clock Monitor is disabled
  1305                           ;	Low Voltage Programming Enable bit
  1306                           ;	LVP = OFF, RB3 pin has digital I/O, HV on MCLR must be used for programming
  1307                           ;	In-Circuit Debugger Mode bit
  1308                           ;	DEBUG = 0x1, unprogrammed default
  1309  2007                     	org	8199
  1310  2007  20D4               	dw	8404
  1311                           
  1312                           ;Config register CONFIG2 @ 0x2008
  1313                           ;	Brown-out Reset Selection bit
  1314                           ;	BOR4V = BOR40V, Brown-out Reset set to 4.0V
  1315                           ;	Flash Program Memory Self Write Enable bits
  1316                           ;	WRT = OFF, Write protection off
  1317  2008                     	org	8200
  1318  2008  3FFF               	dw	16383

Data Sizes:
    Strings     0
    Constant    0
    Data        0
    BSS         5
    Persistent  0
    Stack       0

Auto Spaces:
    Space          Size  Autos    Used
    COMMON           14      5      10
    BANK0            80      3       3
    BANK1            80      0       0
    BANK3            96      0       0
    BANK2            96      0       0

Pointer List with Targets:

    None.

Critical Paths under _main in COMMON

    _Setup->_initOsc
    _Setup->_spiInit

Critical Paths under _isr in COMMON

    _isr->_spiWrite

Critical Paths under _main in BANK0

    _Setup->_spiInit

Critical Paths under _isr in BANK0

    None.

Critical Paths under _main in BANK1

    None.

Critical Paths under _isr in BANK1

    None.

Critical Paths under _main in BANK3

    None.

Critical Paths under _isr in BANK3

    None.

Critical Paths under _main in BANK2

    None.

Critical Paths under _isr in BANK2

    None.

Call Graph Tables:

 ---------------------------------------------------------------------------------
 (Depth) Function   	        Calls       Base Space   Used Autos Params    Refs
 ---------------------------------------------------------------------------------
 (0) _main                                                 0     0      0     478
                              _Setup
 ---------------------------------------------------------------------------------
 (1) _Setup                                                0     0      0     478
                            _initOsc
                            _spiInit
 ---------------------------------------------------------------------------------
 (2) _spiInit                                              4     1      3     456
                                              4 COMMON     1     1      0
                                              0 BANK0      3     0      3
 ---------------------------------------------------------------------------------
 (2) _initOsc                                              3     3      0      22
                                              4 COMMON     1     1      0
                                              0 BANK0      2     2      0
 ---------------------------------------------------------------------------------
 Estimated maximum stack depth 2
 ---------------------------------------------------------------------------------
 (Depth) Function   	        Calls       Base Space   Used Autos Params    Refs
 ---------------------------------------------------------------------------------
 (3) _isr                                                  3     3      0      15
                                              1 COMMON     3     3      0
                           _spiWrite
 ---------------------------------------------------------------------------------
 (4) _spiWrite                                             1     1      0      15
                                              0 COMMON     1     1      0
 ---------------------------------------------------------------------------------
 Estimated maximum stack depth 4
 ---------------------------------------------------------------------------------

 Call Graph Graphs:

 _main (ROOT)
   _Setup
     _initOsc
     _spiInit

 _isr (ROOT)
   _spiWrite

 Address spaces:
Name               Size   Autos  Total    Cost      Usage
BITCOMMON            E      0       0       0        0.0%
EEDATA             100      0       0       0        0.0%
NULL                 0      0       0       0        0.0%
CODE                 0      0       0       0        0.0%
COMMON               E      5       A       1       71.4%
BITSFR0              0      0       0       1        0.0%
SFR0                 0      0       0       1        0.0%
BITSFR1              0      0       0       2        0.0%
SFR1                 0      0       0       2        0.0%
STACK                0      0       0       2        0.0%
ABS                  0      0       D       3        0.0%
BITBANK0            50      0       0       4        0.0%
BITSFR3              0      0       0       4        0.0%
SFR3                 0      0       0       4        0.0%
BANK0               50      3       3       5        3.8%
BITSFR2              0      0       0       5        0.0%
SFR2                 0      0       0       5        0.0%
BITBANK1            50      0       0       6        0.0%
BANK1               50      0       0       7        0.0%
BITBANK3            60      0       0       8        0.0%
BANK3               60      0       0       9        0.0%
BITBANK2            60      0       0      10        0.0%
BANK2               60      0       0      11        0.0%
DATA                 0      0       D      12        0.0%


Microchip Technology PIC Macro Assembler V2.31 build 20201012212115 
Symbol Table                                                                                   Fri Feb 12 01:07:48 2021

            _SSPSTATbits 0094                       l80 00EA                       l90 002C  
                     l74 010E                       l91 0032                       l75 010E  
                     l92 0038                       l93 003E                       l94 0044  
                     l86 001A                       l95 004A                       l87 0074  
                     l96 0075                       l88 0020                       l89 0026  
                    l112 0103                      l113 0108                      l912 0050  
                    l920 00F3                      l922 00F9                      l930 00C0  
                    l908 0019                      l924 00FB                      l940 00CA  
                    l932 00C4                      l926 0102                      l918 00EC  
                    l950 00E3                      l942 00CC                      l934 00C6  
                    l952 00E4                      l944 00CE                      l936 00C8  
                    l928 00B5                      l960 0109                      l954 00E5  
                    l946 00D4                      l938 00C9                      l956 00E6  
                    l948 00D8                      l982 005A                      l958 00E7  
                    u100 00F3                      u101 00F2                      _isr 0076  
                   ?_isr 0075                     _IOCB 0096                     i1l69 00AE  
                   _WPUB 0095                     u3_20 007B                     u3_21 007A  
                   u4_20 0081                     u4_21 0080                     u5_20 0089  
                   u5_21 0088                     u6_20 0092                     u6_21 0091  
                   u7_20 009A                     u7_21 0099                     u8_20 00A4  
                   u8_21 00A3                     _main 0109                     btemp 007E  
                   start 000C                    ??_isr 0076                    ?_main 0075  
                  _FLAGD 0074                    _FLAGI 0073                    _ANSEL 0188  
                  i1l122 0117                    i1l800 009D                    i1l802 009E  
                  i1l804 00A4                    i1l742 0113                    i1l806 00AA  
                  i1l808 00AD                    i1l780 007B                    i1l790 008E  
                  i1l782 0081                    i1l792 0092                    i1l784 0084  
                  i1l794 0095                    i1l786 0089                    i1l778 0076  
                  i1l796 009A                    i1l788 008A                    i1l798 009B  
                  _PORTA 0005                    _PORTB 0006                    _PORTC 0007  
                  _PORTD 0008                    _PORTE 0009                    _TRISA 0085  
                  _TRISB 0086                    _TRISC 0087                    _TRISD 0088  
                  _TRISE 0089                    _Setup 00B5          __end_of_initOsc 0076  
                  pclath 000A          __end_of_spiInit 0109                    status 0003  
                  wtemp0 007E          __initialization 000F             __end_of_main 0112  
                 ??_main 007A                   ?_Setup 0075              initOsc@IRCF 0079  
                 _ANSELH 0189                   _TOGGLE 0072                   _TRISC3 043B  
                 _TRISC5 043D                   _SSPCON 0014                   _SSPBUF 0013  
              ??_initOsc 0020                   saved_w 007E         __end_of_spiWrite 0118  
              ??_spiInit 0079  __end_of__initialization 0014           __pcstackCOMMON 0075  
          __end_of_Setup 00EB                  ??_Setup 007A               __pmaintext 0109  
             __pintentry 0004                  _SSPSTAT 0094                ?_spiWrite 0075  
                __ptext1 00B5                  __ptext2 00EB                  __ptext3 0018  
                __ptext4 0076                  __ptext5 0112                  _initOsc 0018  
           __size_of_isr 003F                  _spiInit 00EB     end_of_initialization 0014  
             ??_spiWrite 0075                _PORTBbits 0006              spiWrite@dat 0075  
    start_initialization 000F              __end_of_isr 00B5              __pbssCOMMON 0070  
              ___latbits 0002            __pcstackBANK0 0020        __size_of_spiWrite 0006  
               ?_initOsc 0075                 ?_spiInit 0020           __size_of_Setup 0036  
               _CONTADOR 0071     spiInit@sTransmitEdge 0022        interrupt_function 0004  
               _PIE1bits 008C       _ESCRITURA_REVISION 0070       spiInit@sDataSample 0020  
               _PIR1bits 000C         __size_of_initOsc 005E         __size_of_spiInit 001E  
          __size_of_main 0009                 _spiWrite 0112             spiInit@sType 0079  
      spiInit@sClockIdle 0021               _INTCONbits 000B                 intlevel1 0000  
             _OSCCONbits 008F               _OPTION_REG 0081  
